BEGIN Transaction Dependency Graph:
(23,1) -> (20,2): vRW vRW vRW 
(23,1) -> (20,1): vRW vRW vRW vRW vRW 
(20,1) -> (23,1): WR WR 
(33,1) -> (20,1): vRW vRW vRW vRW 
(20,2) -> (33,1): WR WR WR WR 
(20,2) -> (23,1): WR WR WR WR 
END Transaction Dependency Graph
Operation Dependency Graph:
177<[20,1,28]>[W(order_line[ol_amount])]: 199<[23,1,31]>[R(order_line[ol_amount])]
429<[20,2,28]>[W(order_line[ol_amount])]: 199<[23,1,31]>[R(order_line[ol_amount])]
421<[20,2,28]>[W(order_line[ol_w_id])]: 192<[23,1,31]>[R(order_line[ol_w_id])] 241<[33,1,41]>[R(order_line[ol_w_id])]
174<[20,1,28]>[W(order_line[ol_i_id])]: 197<[23,1,31]>[R(order_line[ol_i_id])]
422<[20,2,28]>[W(order_line[ol_supply_w_id])]: 195<[23,1,31]>[R(order_line[ol_supply_w_id])]
240<[33,1,41]>[R(order_line[ol_i_id])]: 174<[20,1,28]>[W(order_line[ol_i_id])]
242<[33,1,41]>[R(order_line[ol_o_id])]: 172<[20,1,28]>[W(order_line[ol_o_id])]
192<[23,1,31]>[R(order_line[ol_w_id])]: 169<[20,1,28]>[W(order_line[ol_w_id])]
424<[20,2,28]>[W(order_line[ol_o_id])]: 242<[33,1,41]>[R(order_line[ol_o_id])]
195<[23,1,31]>[R(order_line[ol_supply_w_id])]: 170<[20,1,28]>[W(order_line[ol_supply_w_id])]
194<[23,1,31]>[R(order_line[ol_d_id])]: 176<[20,1,28]>[W(order_line[ol_d_id])] 428<[20,2,28]>[W(order_line[ol_d_id])]
426<[20,2,28]>[W(order_line[ol_i_id])]: 240<[33,1,41]>[R(order_line[ol_i_id])] 197<[23,1,31]>[R(order_line[ol_i_id])]
196<[23,1,31]>[R(order_line[ol_quantity])]: 171<[20,1,28]>[W(order_line[ol_quantity])] 423<[20,2,28]>[W(order_line[ol_quantity])]
428<[20,2,28]>[W(order_line[ol_d_id])]: 243<[33,1,41]>[R(order_line[ol_d_id])]
241<[33,1,41]>[R(order_line[ol_w_id])]: 169<[20,1,28]>[W(order_line[ol_w_id])]
243<[33,1,41]>[R(order_line[ol_d_id])]: 176<[20,1,28]>[W(order_line[ol_d_id])]
193<[23,1,31]>[R(order_line[ol_o_id])]: 172<[20,1,28]>[W(order_line[ol_o_id])] 424<[20,2,28]>[W(order_line[ol_o_id])]
END Operation Dependency Graph
SQL-Op Map:
[20,1,28]: 177 176 169 171 174 170 172
[33,1,41]: 241 243 240 242
[23,1,31]: 199 194 193 196 197 195 192
[20,2,28]: 429 424 428 423 426 422 421
End SQL-Op Map.