Program starts. (loopyKSP)
Init checker finished.
op size: 424.
op_pred_map: 254.
sql_op_map size: 176
building txn graph is finished.
Init isodiff finished.
Add vul count 480
>>>Start run_checker.
start DP search.
dp_set size: 304
dp_set_refined size: 76
start KSP.
total: 76
finish KSP.
Round time record: dp_search: 0 ms, ksp: 1643 ms, set_cover: 0 ms.
start DP search.
dp_set size: 8
dp_set_refined size: 2
start KSP.
total: 2
finish KSP.
Round time record: dp_search: 0 ms, ksp: 0 ms, set_cover: 0 ms.
start DP search.
dp_set size: 4
dp_set_refined size: 1
start KSP.
total: 1
finish KSP.
Round time record: dp_search: 0 ms, ksp: 0 ms, set_cover: 0 ms.
start DP search.
dp_set size: 8
dp_set_refined size: 2
start KSP.
total: 2
finish KSP.
Round time record: dp_search: 0 ms, ksp: 0 ms, set_cover: 0 ms.
start DP search.
dp_set size: 0
dp_set_refined size: 0
start KSP.
total: 0
finish KSP.
Round time record: dp_search: 0 ms, ksp: 0 ms, set_cover: 0 ms.
start DP search.
dp_set size: 8
dp_set_refined size: 2
start KSP.
total: 2
finish KSP.
Round time record: dp_search: 0 ms, ksp: 0 ms, set_cover: 0 ms.
start DP search.
dp_set size: 32
dp_set_refined size: 8
start KSP.
total: 8
finish KSP.
Round time record: dp_search: 0 ms, ksp: 0 ms, set_cover: 0 ms.
start DP search.
dp_set size: 8
dp_set_refined size: 2
start KSP.
total: 2
finish KSP.
Round time record: dp_search: 0 ms, ksp: 0 ms, set_cover: 0 ms.
start DP search.
dp_set size: 4
dp_set_refined size: 1
start KSP.
total: 1
finish KSP.
Round time record: dp_search: 0 ms, ksp: 0 ms, set_cover: 0 ms.
Memory Peak is 598580 kB
[Final_Result] pglast_app.json[RC,w_corr,obj,threshold=15,seed=123456,exe_mode=e,loopy,objType=row] (154,542,424,1670) 5 5 1652 9 535/807 0(/212) 0 480 226 94 598580kB 535 807 36 771 1342 0 2787 100.000% 57.452% 2.683% #delta_cycle:891 ksp_total_time:5ms
obj to cut:
 KSP_SEARCH: 7 ms(0.085%), PATH_EXPANSION: 4 ms(0.049%), OP_NO_CORR: 73 ms(0.888%), CORR_RECUR_SEARCH: 8141 ms(98.979%)
CHECK_EXISTENCE: 6 ms, NO_CORR_BUILD_GRAPH: 2 ms, NO_CORR_TIMING_VIOLATION: 22 ms, BUILD_EDGE_SET: 0 ms, PRED_CONFLICT: 8 ms, SEARCH_CONFLICT: 22 ms, CHECK_EXISTENCE_CORR: 1 ms, BUILD_CANDIDATE_SET: 0 ms, INIT_IC: 1 ms, CORR_CHECKING: 8141 ms, POST_PROCESSING: 0 ms, RECUR_TEST_ADD_EDGE: 1646 ms, VALIDATE_CYCLE: 4694 ms, FEEDBACK_TEST: 4419 ms, ADD_TO_CYCLE: 5 ms, RECUR_INIT_EXE_GRAPH: 1791 ms, RECUR_TIMING_VIOLATION: 2496 ms, RECUR_RESET_GRAPH: 19 ms, 
TXN_TRIED: 445, TXN_FOUND: 445, OP_TRIED: 2787, OP_FOUND: 535, OP_DUP_NO_CORR: 466, OP_DUP_W_CORR: 979, OP_FAILED_NO_CORR: 771, OP_FAILED_W_CORR: 36, OP_FAILED_TIMEOUT: 0, SHORTEST_PATH_COUNT: 0, KSP_PATH_INTENDED: 0, KSP_PATH_EXPLORED: 445, KSP_PATH_ABANDONED: 234, SHADOW_INVALIDATE: 0
INVALID_OP_SEARCH: 1048 ms, VALID_OP_SEARCH: 7167 ms
OP Analysis avg. Runtime (ns): RESULT_PASS: 13397039.774 RESULT_DUP_NO_CORR: 4199.650 RESULT_FAILED_NO_CORR: 11421.064 RESULT_DUP_W_CORR: 42448.785 RESULT_FAILED_W_CORR: 27663263.750 RESULT_FAILED_TIMEOUT: 0.000
Total contention time: 10.157, total hash lookup time: 5.901
Ksp stats per round: [1: 92620.947ns, 91309.000ns, 30367.308ns] [2: 34397.500ns, 37444.000ns, 3046.500ns] [3: 42561.000ns, 42561.000ns, 0.000ns] [4: 29371.000ns, 32250.000ns, 2879.000ns] [6: 26062.500ns, 27266.000ns, 1203.500ns] [7: 37387.750ns, 37713.000ns, 8390.466ns] [8: 22897.000ns, 23571.000ns, 674.000ns] [9: 37687.000ns, 37687.000ns, 0.000ns]
DiOpEdgeHashMap size: 0Tested: 0, return not existed: 0
123456
check_failed_conflict_count: 4337, add_failed_count(check/add): 807/802
total op cycle explored: 2787
round robin op cycles: 0
>>>Finish.
Finish loopy solution.
